<?xml version="1.0" encoding="UTF-8"?>
<testsuite name="com.impl.OrgDomainTest" tests="1" skipped="0" failures="0" errors="0" timestamp="2023-03-29T09:39:38" hostname="DESKTOP-BKOOSAD" time="0.527">
  <properties/>
  <testcase name="justAnExample()" classname="com.impl.OrgDomainTest" time="0.527"/>
  <system-out><![CDATA[---> 2024-04-16T04:00:00Z
---> 2024-04-16T04:00
---> Not available cnn.org
]]></system-out>
  <system-err><![CDATA[]]></system-err>
</testsuite>
