<?xml version="1.0" encoding="UTF-8"?>
<testsuite name="com.impl.SearchWordTest" tests="1" skipped="0" failures="0" errors="0" timestamp="2023-03-20T14:33:39" hostname="DESKTOP-BKOOSAD" time="0.019">
  <properties/>
  <testcase name="justAnExample()" classname="com.impl.SearchWordTest" time="0.019"/>
  <system-out><![CDATA[dream
Adventure
is a
c++]]></system-out>
  <system-err><![CDATA[]]></system-err>
</testsuite>
