<?xml version="1.0" encoding="UTF-8"?>
<testsuite name="com.impl.OrgDomainTest" tests="1" skipped="0" failures="0" errors="0" timestamp="2023-02-26T10:44:53" hostname="DESKTOP-BKOOSAD" time="1.028">
  <properties/>
  <testcase name="justAnExample()" classname="com.impl.OrgDomainTest" time="1.028"/>
  <system-out><![CDATA[---> 2023-04-16T04:00:00Z
---> 2023-04-16T04:00
---> Not available cnn.org
]]></system-out>
  <system-err><![CDATA[]]></system-err>
</testsuite>
