<?xml version="1.0" encoding="UTF-8"?>
<testsuite name="com.impl.NetDomainTest" tests="1" skipped="0" failures="0" errors="0" timestamp="2023-02-20T14:42:50" hostname="DESKTOP-BKOOSAD" time="0.071">
  <properties/>
  <testcase name="justAnExample()" classname="com.impl.NetDomainTest" time="0.071"/>
  <system-out><![CDATA[---> 2023-05-03T21:08:39Z
---> 2023-05-03T21:08:39
---> Not available cnn.net
]]></system-out>
  <system-err><![CDATA[]]></system-err>
</testsuite>
