<?xml version="1.0" encoding="UTF-8"?>
<testsuite name="com.impl.OrgDomainTest" tests="1" skipped="0" failures="0" errors="0" timestamp="2022-11-18T19:58:48" hostname="DESKTOP-BKOOSAD" time="0.409">
  <properties/>
  <testcase name="justAnExample()" classname="com.impl.OrgDomainTest" time="0.409"/>
  <system-out><![CDATA[---> 2023-04-16T04:00:00Z
---> 2023-04-16T04:00
---> Not available cnn.org
]]></system-out>
  <system-err><![CDATA[]]></system-err>
</testsuite>
