<?xml version="1.0" encoding="UTF-8"?>
<testsuite name="com.impl.WordsGeneratorTest" tests="1" skipped="0" failures="0" errors="0" timestamp="2023-02-11T13:40:59" hostname="DESKTOP-BKOOSAD" time="0.004">
  <properties/>
  <testcase name="justAnExample()" classname="com.impl.WordsGeneratorTest" time="0.004"/>
  <system-out><![CDATA[List of the text files in the specified directory:
]]></system-out>
  <system-err><![CDATA[]]></system-err>
</testsuite>
